<?xml version="1.0" encoding="UTF-8"?>
<testng-results ignored="0" total="0" passed="0" failed="0" skipped="0">
  <reporter-output>
  </reporter-output>
  <suite started-at="2018-05-04T12:26:04Z" name="rish.maven.quickstart.AppTest" finished-at="2018-05-04T12:26:04Z" duration-ms="6">
    <groups>
    </groups>
    <test started-at="2018-05-04T12:26:04Z" name="Command line test" finished-at="2018-05-04T12:26:04Z" duration-ms="6">
    </test> <!-- Command line test -->
  </suite> <!-- rish.maven.quickstart.AppTest -->
</testng-results>
