<?xml version="1.0" encoding="UTF-8"?>
<testng-results ignored="1" total="2" passed="1" failed="0" skipped="0">
  <reporter-output>
  </reporter-output>
  <suite started-at="2018-06-27T13:01:30Z" name="Suite" finished-at="2018-06-27T13:02:19Z" duration-ms="49643">
    <groups>
    </groups>
    <test started-at="2018-06-27T13:01:30Z" name="Test" finished-at="2018-06-27T13:02:19Z" duration-ms="49643">
      <class name="rish.maven.quickstart.App">
        <test-method is-config="true" signature="beforeTest()[pri:0, instance:rish.maven.quickstart.App@434a63ab]" started-at="2018-06-27T13:01:30Z" name="beforeTest" finished-at="2018-06-27T13:01:37Z" duration-ms="7042" status="PASS">
          <reporter-output>
          </reporter-output>
        </test-method> <!-- beforeTest -->
        <test-method signature="openApp()[pri:0, instance:rish.maven.quickstart.App@434a63ab]" started-at="2018-06-27T13:01:37Z" name="openApp" finished-at="2018-06-27T13:02:17Z" duration-ms="40376" status="PASS">
          <reporter-output>
          </reporter-output>
        </test-method> <!-- openApp -->
        <test-method is-config="true" signature="afterTest()[pri:0, instance:rish.maven.quickstart.App@434a63ab]" started-at="2018-06-27T13:02:17Z" name="afterTest" finished-at="2018-06-27T13:02:19Z" duration-ms="2169" status="PASS">
          <reporter-output>
          </reporter-output>
        </test-method> <!-- afterTest -->
      </class> <!-- rish.maven.quickstart.App -->
    </test> <!-- Test -->
  </suite> <!-- Suite -->
</testng-results>
